<?xml version="1.0" encoding="UTF-8"?>
<!-- Generated by org.testng.reporters.JUnitReportReporter -->
<testsuite hostname="MacBook-Pro.local" failures="0" tests="1" name="ImageLink" time="8.852" errors="0" timestamp="2020-01-29T17:11:06 ICT" skipped="0">
  <testcase classname="ImageLink" name="checkImageLink" time="8.852"/>
  <system-out/>
</testsuite> <!-- ImageLink -->
